0 info it worked if it ends with ok
1 verbose cli [ 'C:\\Program Files\\nodejs\\node.exe',
1 verbose cli   'C:\\Program Files\\nodejs\\node_modules\\npm\\bin\\npm-cli.js',
1 verbose cli   'run',
1 verbose cli   'test' ]
2 info using npm@3.10.10
3 info using node@v6.11.0
4 verbose run-script [ 'pretest', 'test', 'posttest' ]
5 info lifecycle alexa-skill-with-aws-iot@1.0.3~pretest: alexa-skill-with-aws-iot@1.0.3
6 silly lifecycle alexa-skill-with-aws-iot@1.0.3~pretest: no script for pretest, continuing
7 info lifecycle alexa-skill-with-aws-iot@1.0.3~test: alexa-skill-with-aws-iot@1.0.3
8 verbose lifecycle alexa-skill-with-aws-iot@1.0.3~test: unsafe-perm in lifecycle true
9 verbose lifecycle alexa-skill-with-aws-iot@1.0.3~test: PATH: C:\Program Files\nodejs\node_modules\npm\bin\node-gyp-bin;C:\Users\andyl\Documents\alexa-ecosystem\alexa-skill-with-aws-iot-lambda\node_modules\.bin;C:\Python27\;C:\Python27\Scripts;C:\ProgramData\Oracle\Java\javapath;C:\Windows\system32;C:\Windows;C:\Windows\System32\Wbem;C:\Windows\System32\WindowsPowerShell\v1.0\;C:\Program Files\Git\cmd;C:\Program Files\nodejs\;C:\apache-maven-3.5.0\bin;C:\OpenSSL-Win64\bin;C:\Program Files\Amazon\AWSCLI\;C:\Program Files (x86)\Windows Kits\8.1\Windows Performance Toolkit\;C:\ProgramData\Oracle\Java\javapath;C:\Windows\system32;C:\Windows;C:\Windows\System32\Wbem;C:\Windows\System32\WindowsPowerShell\v1.0\;C:\Program Files\Git\cmd;C:\Program Files\nodejs\;C:\apache-maven-3.5.0\bin;C:\OpenSSL-Win64\bin;;C:\Program Files (x86)\Microsoft VS Code\bin
10 verbose lifecycle alexa-skill-with-aws-iot@1.0.3~test: CWD: C:\Users\andyl\Documents\alexa-ecosystem\alexa-skill-with-aws-iot-lambda
11 silly lifecycle alexa-skill-with-aws-iot@1.0.3~test: Args: [ '/d /s /c', 'echo "Error: no test specified" && exit 1' ]
12 silly lifecycle alexa-skill-with-aws-iot@1.0.3~test: Returned: code: 1  signal: null
13 info lifecycle alexa-skill-with-aws-iot@1.0.3~test: Failed to exec test script
14 verbose stack Error: alexa-skill-with-aws-iot@1.0.3 test: `echo "Error: no test specified" && exit 1`
14 verbose stack Exit status 1
14 verbose stack     at EventEmitter.<anonymous> (C:\Program Files\nodejs\node_modules\npm\lib\utils\lifecycle.js:255:16)
14 verbose stack     at emitTwo (events.js:106:13)
14 verbose stack     at EventEmitter.emit (events.js:191:7)
14 verbose stack     at ChildProcess.<anonymous> (C:\Program Files\nodejs\node_modules\npm\lib\utils\spawn.js:40:14)
14 verbose stack     at emitTwo (events.js:106:13)
14 verbose stack     at ChildProcess.emit (events.js:191:7)
14 verbose stack     at maybeClose (internal/child_process.js:891:16)
14 verbose stack     at Process.ChildProcess._handle.onexit (internal/child_process.js:226:5)
15 verbose pkgid alexa-skill-with-aws-iot@1.0.3
16 verbose cwd C:\Users\andyl\Documents\alexa-ecosystem\alexa-skill-with-aws-iot-lambda
17 error Windows_NT 10.0.15063
18 error argv "C:\\Program Files\\nodejs\\node.exe" "C:\\Program Files\\nodejs\\node_modules\\npm\\bin\\npm-cli.js" "run" "test"
19 error node v6.11.0
20 error npm  v3.10.10
21 error code ELIFECYCLE
22 error alexa-skill-with-aws-iot@1.0.3 test: `echo "Error: no test specified" && exit 1`
22 error Exit status 1
23 error Failed at the alexa-skill-with-aws-iot@1.0.3 test script 'echo "Error: no test specified" && exit 1'.
23 error Make sure you have the latest version of node.js and npm installed.
23 error If you do, this is most likely a problem with the alexa-skill-with-aws-iot package,
23 error not with npm itself.
23 error Tell the author that this fails on your system:
23 error     echo "Error: no test specified" && exit 1
23 error You can get information on how to open an issue for this project with:
23 error     npm bugs alexa-skill-with-aws-iot
23 error Or if that isn't available, you can get their info via:
23 error     npm owner ls alexa-skill-with-aws-iot
23 error There is likely additional logging output above.
24 verbose exit [ 1, true ]
